{
  "RSpec": {
    "coverage": {
      "/home/am-rocks/Desktop/health_trackr/spec/features/add_food_pages_spec.rb": [
        1,
        null,
        1,
        1,
        1,
        1,
        1,
        1,
        1,
        1,
        null,
        null,
        1,
        1,
        1,
        1,
        1,
        1,
        1,
        null,
        null
      ],
      "/home/am-rocks/Desktop/health_trackr/spec/rails_helper.rb": [
        1,
        1,
        null,
        1,
        1,
        1,
        1,
        1,
        null,
        null,
        1,
        null,
        1,
        1,
        null,
        1,
        1,
        null,
        null,
        1,
        12,
        12,
        null,
        null,
        1,
        null,
        null,
        1,
        1,
        1,
        1,
        null,
        null
      ],
      "/home/am-rocks/Desktop/health_trackr/config/environment.rb": [
        null,
        1,
        null,
        null,
        1
      ],
      "/home/am-rocks/Desktop/health_trackr/config/application.rb": [
        1,
        null,
        1,
        null,
        1,
        1,
        1,
        1,
        1,
        1,
        1,
        null,
        null,
        null,
        null,
        1,
        null,
        1,
        1,
        null,
        null,
        null,
        null,
        null,
        null,
        null,
        null,
        null,
        null,
        null,
        null,
        null,
        1,
        null,
        null
      ],
      "/home/am-rocks/Desktop/health_trackr/config/boot.rb": [
        1,
        null,
        1
      ],
      "/home/am-rocks/Desktop/health_trackr/config/environments/test.rb": [
        1,
        null,
        null,
        null,
        null,
        null,
        null,
        1,
        null,
        null,
        null,
        null,
        1,
        null,
        null,
        1,
        1,
        null,
        null,
        1,
        1,
        null,
        null,
        1,
        null,
        null,
        1,
        null,
        null,
        null,
        null,
        1,
        null,
        null,
        1,
        null,
        null,
        1,
        null,
        null,
        null,
        null
      ],
      "/home/am-rocks/Desktop/health_trackr/config/initializers/assets.rb": [
        null,
        null,
        null,
        1,
        null,
        null,
        null,
        null,
        null,
        null,
        null
      ],
      "/home/am-rocks/Desktop/health_trackr/config/initializers/backtrace_silencers.rb": [
        null,
        null,
        null,
        null,
        null,
        null,
        null
      ],
      "/home/am-rocks/Desktop/health_trackr/config/initializers/cookies_serializer.rb": [
        null,
        null,
        1
      ],
      "/home/am-rocks/Desktop/health_trackr/config/initializers/devise.rb": [
        null,
        null,
        1,
        null,
        null,
        null,
        null,
        null,
        null,
        null,
        null,
        null,
        null,
        null,
        1,
        null,
        null,
        null,
        null,
        null,
        null,
        null,
        null,
        1,
        null,
        null,
        null,
        null,
        null,
        null,
        null,
        null,
        null,
        null,
        null,
        null,
        null,
        null,
        null,
        null,
        null,
        null,
        null,
        null,
        null,
        1,
        null,
        null,
        null,
        null,
        1,
        null,
        null,
        null,
        null,
        null,
        null,
        null,
        null,
        null,
        null,
        null,
        null,
        null,
        null,
        null,
        null,
        null,
        null,
        null,
        null,
        null,
        null,
        null,
        null,
        null,
        null,
        null,
        null,
        null,
        null,
        1,
        null,
        null,
        null,
        null,
        null,
        null,
        null,
        null,
        null,
        null,
        null,
        null,
        null,
        null,
        null,
        null,
        1,
        null,
        null,
        null,
        null,
        null,
        null,
        null,
        null,
        null,
        null,
        null,
        null,
        null,
        null,
        null,
        null,
        null,
        null,
        null,
        null,
        null,
        null,
        null,
        null,
        1,
        null,
        null,
        null,
        null,
        null,
        null,
        null,
        null,
        null,
        1,
        null,
        null,
        null,
        null,
        null,
        null,
        null,
        null,
        null,
        null,
        1,
        null,
        null,
        null,
        null,
        null,
        null,
        null,
        null,
        null,
        null,
        null,
        null,
        null,
        null,
        null,
        null,
        null,
        null,
        null,
        null,
        null,
        null,
        null,
        null,
        null,
        null,
        null,
        null,
        null,
        null,
        null,
        null,
        null,
        null,
        null,
        null,
        null,
        null,
        null,
        null,
        null,
        null,
        null,
        null,
        null,
        1,
        null,
        null,
        null,
        null,
        null,
        null,
        null,
        null,
        null,
        null,
        null,
        null,
        null,
        null,
        null,
        null,
        null,
        null,
        null,
        null,
        null,
        null,
        null,
        null,
        null,
        null,
        null,
        null,
        null,
        null,
        null,
        null,
        null,
        null,
        null,
        null,
        null,
        null,
        null,
        null,
        null,
        1,
        null,
        null,
        null,
        null,
        null,
        null,
        null,
        null,
        null,
        null,
        null,
        null,
        null,
        null,
        null,
        null,
        null,
        null,
        null,
        null,
        null,
        null,
        null,
        null,
        null,
        null,
        null,
        null,
        null
      ],
      "/home/am-rocks/Desktop/health_trackr/config/initializers/filter_parameter_logging.rb": [
        null,
        null,
        null,
        1
      ],
      "/home/am-rocks/Desktop/health_trackr/config/initializers/inflections.rb": [
        null,
        null,
        null,
        null,
        null,
        null,
        null,
        null,
        null,
        null,
        null,
        null,
        null,
        null,
        null,
        null
      ],
      "/home/am-rocks/Desktop/health_trackr/config/initializers/mime_types.rb": [
        null,
        null,
        null,
        null
      ],
      "/home/am-rocks/Desktop/health_trackr/config/initializers/session_store.rb": [
        null,
        null,
        1
      ],
      "/home/am-rocks/Desktop/health_trackr/config/initializers/wrap_parameters.rb": [
        null,
        null,
        null,
        null,
        null,
        null,
        1,
        1,
        null,
        null,
        null,
        null,
        null,
        null
      ],
      "/home/am-rocks/Desktop/health_trackr/config/routes.rb": [
        1,
        1,
        null,
        1,
        null,
        1,
        1,
        null
      ],
      "/home/am-rocks/Desktop/health_trackr/app/models/user.rb": [
        1,
        null,
        null,
        1,
        null,
        null,
        1,
        1,
        null
      ],
      "/home/am-rocks/Desktop/health_trackr/app/helpers/application_helper.rb": [
        1,
        null
      ],
      "/home/am-rocks/Desktop/health_trackr/spec/features/add_workout_pages_spec.rb": [
        1,
        null,
        1,
        1,
        1,
        1,
        1,
        1,
        1,
        1,
        null,
        null,
        1,
        1,
        1,
        1,
        1,
        1,
        1,
        null,
        null
      ],
      "/home/am-rocks/Desktop/health_trackr/spec/models/food_spec.rb": [
        1,
        null,
        1,
        2,
        2,
        2,
        null
      ],
      "/home/am-rocks/Desktop/health_trackr/app/models/food.rb": [
        1,
        1,
        1,
        null,
        null
      ],
      "/home/am-rocks/Desktop/health_trackr/spec/models/user_spec.rb": [
        1,
        null,
        1,
        2,
        2,
        null,
        null
      ],
      "/home/am-rocks/Desktop/health_trackr/spec/models/workout_spec.rb": [
        1,
        null,
        1,
        2,
        2,
        2,
        null
      ],
      "/home/am-rocks/Desktop/health_trackr/app/models/workout.rb": [
        1,
        1,
        1,
        1,
        null,
        null
      ],
      "/home/am-rocks/Desktop/health_trackr/app/controllers/home_controller.rb": [
        1,
        1,
        6,
        null,
        null,
        null
      ],
      "/home/am-rocks/Desktop/health_trackr/app/controllers/application_controller.rb": [
        1,
        null,
        null,
        1,
        null
      ],
      "/home/am-rocks/Desktop/health_trackr/app/controllers/foods_controller.rb": [
        1,
        1,
        2,
        2,
        null,
        null,
        1,
        2,
        2,
        2,
        1,
        2,
        1,
        null,
        null,
        1,
        null,
        null,
        null,
        1,
        1,
        2,
        null,
        null,
        null,
        null
      ],
      "/home/am-rocks/Desktop/health_trackr/app/controllers/workouts_controller.rb": [
        1,
        1,
        2,
        2,
        null,
        null,
        1,
        2,
        2,
        2,
        1,
        2,
        1,
        null,
        null,
        1,
        null,
        null,
        null,
        1,
        1,
        2,
        null,
        null,
        null,
        null
      ]
    },
    "timestamp": 1446069139
  }
}
